[2023-01-15 12:41:49,022] [DEBUG] [Get all posts]
[2023-01-15 12:41:49,023] [INFO] [127.0.0.1 - - [15/Jan/2023 12:41:49] "GET /api/posts/ HTTP/1.1" 200 -]
[2023-01-15 12:42:00,676] [ERROR] [Post not found]
[2023-01-15 12:42:00,677] [INFO] [127.0.0.1 - - [15/Jan/2023 12:42:00] "[35m[1mGET /api/posts/0 HTTP/1.1[0m" 500 -]
[2023-01-15 12:42:12,830] [DEBUG] [Get one post #1]
[2023-01-15 12:42:12,831] [INFO] [127.0.0.1 - - [15/Jan/2023 12:42:12] "GET /api/posts/1 HTTP/1.1" 200 -]
[2023-01-15 12:42:21,426] [INFO] [127.0.0.1 - - [15/Jan/2023 12:42:21] "[33mGET /api/posts/* HTTP/1.1[0m" 404 -]
[2023-01-15 12:42:21,702] [INFO] [127.0.0.1 - - [15/Jan/2023 12:42:21] "[33mGET /api/posts/* HTTP/1.1[0m" 404 -]
[2023-01-15 13:21:31,579] [DEBUG] [Looking for locale `en_US` in provider `faker.providers.address`.]
[2023-01-15 13:21:31,589] [DEBUG] [Provider `faker.providers.address` has been localized to `en_US`.]
[2023-01-15 13:21:31,596] [DEBUG] [Looking for locale `en_US` in provider `faker.providers.automotive`.]
[2023-01-15 13:21:31,604] [DEBUG] [Provider `faker.providers.automotive` has been localized to `en_US`.]
[2023-01-15 13:21:31,607] [DEBUG] [Looking for locale `en_US` in provider `faker.providers.bank`.]
[2023-01-15 13:21:31,612] [DEBUG] [Specified locale `en_US` is not available for provider `faker.providers.bank`. Locale reset to `en_GB` for this provider.]
[2023-01-15 13:21:31,615] [DEBUG] [Looking for locale `en_US` in provider `faker.providers.barcode`.]
[2023-01-15 13:21:31,617] [DEBUG] [Provider `faker.providers.barcode` has been localized to `en_US`.]
[2023-01-15 13:21:31,621] [DEBUG] [Looking for locale `en_US` in provider `faker.providers.color`.]
[2023-01-15 13:21:31,625] [DEBUG] [Provider `faker.providers.color` has been localized to `en_US`.]
[2023-01-15 13:21:31,628] [DEBUG] [Looking for locale `en_US` in provider `faker.providers.company`.]
[2023-01-15 13:21:31,635] [DEBUG] [Provider `faker.providers.company` has been localized to `en_US`.]
[2023-01-15 13:21:31,638] [DEBUG] [Looking for locale `en_US` in provider `faker.providers.credit_card`.]
[2023-01-15 13:21:31,639] [DEBUG] [Provider `faker.providers.credit_card` has been localized to `en_US`.]
[2023-01-15 13:21:31,642] [DEBUG] [Looking for locale `en_US` in provider `faker.providers.currency`.]
[2023-01-15 13:21:31,647] [DEBUG] [Provider `faker.providers.currency` has been localized to `en_US`.]
[2023-01-15 13:21:31,649] [DEBUG] [Looking for locale `en_US` in provider `faker.providers.date_time`.]
[2023-01-15 13:21:31,656] [DEBUG] [Provider `faker.providers.date_time` has been localized to `en_US`.]
[2023-01-15 13:21:31,659] [DEBUG] [Provider `faker.providers.file` does not feature localization. Specified locale `en_US` is not utilized for this provider.]
[2023-01-15 13:21:31,659] [DEBUG] [Looking for locale `en_US` in provider `faker.providers.geo`.]
[2023-01-15 13:21:31,660] [DEBUG] [Provider `faker.providers.geo` has been localized to `en_US`.]
[2023-01-15 13:21:31,662] [DEBUG] [Looking for locale `en_US` in provider `faker.providers.internet`.]
[2023-01-15 13:21:31,669] [DEBUG] [Provider `faker.providers.internet` has been localized to `en_US`.]
[2023-01-15 13:21:31,671] [DEBUG] [Provider `faker.providers.isbn` does not feature localization. Specified locale `en_US` is not utilized for this provider.]
[2023-01-15 13:21:31,671] [DEBUG] [Looking for locale `en_US` in provider `faker.providers.job`.]
[2023-01-15 13:21:31,676] [DEBUG] [Provider `faker.providers.job` has been localized to `en_US`.]
[2023-01-15 13:21:31,678] [DEBUG] [Looking for locale `en_US` in provider `faker.providers.lorem`.]
[2023-01-15 13:21:31,682] [DEBUG] [Provider `faker.providers.lorem` has been localized to `en_US`.]
[2023-01-15 13:21:31,687] [DEBUG] [Looking for locale `en_US` in provider `faker.providers.misc`.]
[2023-01-15 13:21:31,688] [DEBUG] [Provider `faker.providers.misc` has been localized to `en_US`.]
[2023-01-15 13:21:31,689] [DEBUG] [Looking for locale `en_US` in provider `faker.providers.person`.]
[2023-01-15 13:21:31,698] [DEBUG] [Provider `faker.providers.person` has been localized to `en_US`.]
[2023-01-15 13:21:31,707] [DEBUG] [Looking for locale `en_US` in provider `faker.providers.phone_number`.]
[2023-01-15 13:21:31,715] [DEBUG] [Provider `faker.providers.phone_number` has been localized to `en_US`.]
[2023-01-15 13:21:31,718] [DEBUG] [Provider `faker.providers.profile` does not feature localization. Specified locale `en_US` is not utilized for this provider.]
[2023-01-15 13:21:31,718] [DEBUG] [Provider `faker.providers.python` does not feature localization. Specified locale `en_US` is not utilized for this provider.]
[2023-01-15 13:21:31,718] [DEBUG] [Looking for locale `en_US` in provider `faker.providers.ssn`.]
[2023-01-15 13:21:31,725] [DEBUG] [Provider `faker.providers.ssn` has been localized to `en_US`.]
[2023-01-15 13:21:31,728] [DEBUG] [Provider `faker.providers.user_agent` does not feature localization. Specified locale `en_US` is not utilized for this provider.]
[2023-01-15 13:26:54,595] [INFO] [[31m[1mWARNING: This is a development server. Do not use it in a production deployment. Use a production WSGI server instead.[0m
 * Running on http://127.0.0.3:5003]
[2023-01-15 13:26:54,596] [INFO] [[33mPress CTRL+C to quit[0m]
[2023-01-15 13:26:54,599] [INFO] [ * Restarting with stat]
[2023-01-15 13:26:55,350] [WARNING] [ * Debugger is active!]
[2023-01-15 13:26:55,354] [INFO] [ * Debugger PIN: 573-259-423]
[2023-01-15 13:27:04,745] [DEBUG] [Looking for locale `en_US` in provider `faker.providers.address`.]
[2023-01-15 13:27:04,756] [DEBUG] [Provider `faker.providers.address` has been localized to `en_US`.]
[2023-01-15 13:27:04,764] [DEBUG] [Looking for locale `en_US` in provider `faker.providers.automotive`.]
[2023-01-15 13:27:04,773] [DEBUG] [Provider `faker.providers.automotive` has been localized to `en_US`.]
[2023-01-15 13:27:04,776] [DEBUG] [Looking for locale `en_US` in provider `faker.providers.bank`.]
[2023-01-15 13:27:04,783] [DEBUG] [Specified locale `en_US` is not available for provider `faker.providers.bank`. Locale reset to `en_GB` for this provider.]
[2023-01-15 13:27:04,786] [DEBUG] [Looking for locale `en_US` in provider `faker.providers.barcode`.]
[2023-01-15 13:27:04,788] [DEBUG] [Provider `faker.providers.barcode` has been localized to `en_US`.]
[2023-01-15 13:27:04,792] [DEBUG] [Looking for locale `en_US` in provider `faker.providers.color`.]
[2023-01-15 13:27:04,797] [DEBUG] [Provider `faker.providers.color` has been localized to `en_US`.]
[2023-01-15 13:27:04,800] [DEBUG] [Looking for locale `en_US` in provider `faker.providers.company`.]
[2023-01-15 13:27:04,808] [DEBUG] [Provider `faker.providers.company` has been localized to `en_US`.]
[2023-01-15 13:27:04,811] [DEBUG] [Looking for locale `en_US` in provider `faker.providers.credit_card`.]
[2023-01-15 13:27:04,812] [DEBUG] [Provider `faker.providers.credit_card` has been localized to `en_US`.]
[2023-01-15 13:27:04,814] [DEBUG] [Looking for locale `en_US` in provider `faker.providers.currency`.]
[2023-01-15 13:27:04,819] [DEBUG] [Provider `faker.providers.currency` has been localized to `en_US`.]
[2023-01-15 13:27:04,821] [DEBUG] [Looking for locale `en_US` in provider `faker.providers.date_time`.]
[2023-01-15 13:27:04,829] [DEBUG] [Provider `faker.providers.date_time` has been localized to `en_US`.]
[2023-01-15 13:27:04,831] [DEBUG] [Provider `faker.providers.file` does not feature localization. Specified locale `en_US` is not utilized for this provider.]
[2023-01-15 13:27:04,832] [DEBUG] [Looking for locale `en_US` in provider `faker.providers.geo`.]
[2023-01-15 13:27:04,834] [DEBUG] [Provider `faker.providers.geo` has been localized to `en_US`.]
[2023-01-15 13:27:04,836] [DEBUG] [Looking for locale `en_US` in provider `faker.providers.internet`.]
[2023-01-15 13:27:04,843] [DEBUG] [Provider `faker.providers.internet` has been localized to `en_US`.]
[2023-01-15 13:27:04,845] [DEBUG] [Provider `faker.providers.isbn` does not feature localization. Specified locale `en_US` is not utilized for this provider.]
[2023-01-15 13:27:04,845] [DEBUG] [Looking for locale `en_US` in provider `faker.providers.job`.]
[2023-01-15 13:27:04,850] [DEBUG] [Provider `faker.providers.job` has been localized to `en_US`.]
[2023-01-15 13:27:04,852] [DEBUG] [Looking for locale `en_US` in provider `faker.providers.lorem`.]
[2023-01-15 13:27:04,856] [DEBUG] [Provider `faker.providers.lorem` has been localized to `en_US`.]
[2023-01-15 13:27:04,862] [DEBUG] [Looking for locale `en_US` in provider `faker.providers.misc`.]
[2023-01-15 13:27:04,864] [DEBUG] [Provider `faker.providers.misc` has been localized to `en_US`.]
[2023-01-15 13:27:04,866] [DEBUG] [Looking for locale `en_US` in provider `faker.providers.person`.]
[2023-01-15 13:27:04,879] [DEBUG] [Provider `faker.providers.person` has been localized to `en_US`.]
[2023-01-15 13:27:04,887] [DEBUG] [Looking for locale `en_US` in provider `faker.providers.phone_number`.]
[2023-01-15 13:27:04,896] [DEBUG] [Provider `faker.providers.phone_number` has been localized to `en_US`.]
[2023-01-15 13:27:04,898] [DEBUG] [Provider `faker.providers.profile` does not feature localization. Specified locale `en_US` is not utilized for this provider.]
[2023-01-15 13:27:04,898] [DEBUG] [Provider `faker.providers.python` does not feature localization. Specified locale `en_US` is not utilized for this provider.]
[2023-01-15 13:27:04,899] [DEBUG] [Looking for locale `en_US` in provider `faker.providers.ssn`.]
[2023-01-15 13:27:04,909] [DEBUG] [Provider `faker.providers.ssn` has been localized to `en_US`.]
[2023-01-15 13:27:04,911] [DEBUG] [Provider `faker.providers.user_agent` does not feature localization. Specified locale `en_US` is not utilized for this provider.]
[2023-01-15 13:27:46,190] [INFO] [127.0.0.1 - - [15/Jan/2023 13:27:46] "GET / HTTP/1.1" 200 -]
[2023-01-15 13:27:46,346] [INFO] [127.0.0.1 - - [15/Jan/2023 13:27:46] "[36mGET /static/css/styles.min.css HTTP/1.1[0m" 304 -]
[2023-01-15 13:27:46,380] [INFO] [127.0.0.1 - - [15/Jan/2023 13:27:46] "[36mGET /static/img/eye.png HTTP/1.1[0m" 304 -]
[2023-01-15 13:27:52,183] [DEBUG] [Get all posts]
[2023-01-15 13:27:52,184] [INFO] [127.0.0.1 - - [15/Jan/2023 13:27:52] "GET /api/posts/ HTTP/1.1" 200 -]
[2023-01-15 13:28:02,661] [DEBUG] [Get one post #1]
[2023-01-15 13:28:02,661] [INFO] [127.0.0.1 - - [15/Jan/2023 13:28:02] "GET /api/posts/1 HTTP/1.1" 200 -]
[2023-01-15 13:28:19,876] [INFO] [ * Detected change in 'C:\\Users\\dynee\\PycharmProjects\\private-skypro.pd-16\\MOD3. Основы веб-разработки\\tests\\api_test.py', reloading]
[2023-01-15 13:28:19,993] [INFO] [ * Restarting with stat]
[2023-01-15 13:28:21,117] [WARNING] [ * Debugger is active!]
[2023-01-15 13:28:21,121] [INFO] [ * Debugger PIN: 573-259-423]
[2023-01-15 13:28:40,262] [ERROR] [Post not found]
[2023-01-15 13:28:40,264] [INFO] [127.0.0.1 - - [15/Jan/2023 13:28:40] "[35m[1mGET /api/posts/0 HTTP/1.1[0m" 500 -]
[2023-01-15 13:28:45,984] [DEBUG] [Get all posts]
[2023-01-15 13:28:45,985] [INFO] [127.0.0.1 - - [15/Jan/2023 13:28:45] "GET /api/posts/ HTTP/1.1" 200 -]
[2023-01-15 13:29:13,959] [INFO] [ * Detected change in 'C:\\Users\\dynee\\PycharmProjects\\private-skypro.pd-16\\MOD3. Основы веб-разработки\\tests\\api_test.py', reloading]
[2023-01-15 13:29:14,143] [INFO] [ * Restarting with stat]
[2023-01-15 13:29:15,386] [WARNING] [ * Debugger is active!]
[2023-01-15 13:29:15,389] [INFO] [ * Debugger PIN: 573-259-423]
[2023-01-15 13:29:17,813] [DEBUG] [Looking for locale `en_US` in provider `faker.providers.address`.]
[2023-01-15 13:29:17,821] [DEBUG] [Provider `faker.providers.address` has been localized to `en_US`.]
[2023-01-15 13:29:17,826] [DEBUG] [Looking for locale `en_US` in provider `faker.providers.automotive`.]
[2023-01-15 13:29:17,836] [DEBUG] [Provider `faker.providers.automotive` has been localized to `en_US`.]
[2023-01-15 13:29:17,839] [DEBUG] [Looking for locale `en_US` in provider `faker.providers.bank`.]
[2023-01-15 13:29:17,846] [DEBUG] [Specified locale `en_US` is not available for provider `faker.providers.bank`. Locale reset to `en_GB` for this provider.]
[2023-01-15 13:29:17,848] [DEBUG] [Looking for locale `en_US` in provider `faker.providers.barcode`.]
[2023-01-15 13:29:17,850] [DEBUG] [Provider `faker.providers.barcode` has been localized to `en_US`.]
[2023-01-15 13:29:17,853] [DEBUG] [Looking for locale `en_US` in provider `faker.providers.color`.]
[2023-01-15 13:29:17,857] [DEBUG] [Provider `faker.providers.color` has been localized to `en_US`.]
[2023-01-15 13:29:17,859] [DEBUG] [Looking for locale `en_US` in provider `faker.providers.company`.]
[2023-01-15 13:29:17,865] [DEBUG] [Provider `faker.providers.company` has been localized to `en_US`.]
[2023-01-15 13:29:17,867] [DEBUG] [Looking for locale `en_US` in provider `faker.providers.credit_card`.]
[2023-01-15 13:29:17,868] [DEBUG] [Provider `faker.providers.credit_card` has been localized to `en_US`.]
[2023-01-15 13:29:17,870] [DEBUG] [Looking for locale `en_US` in provider `faker.providers.currency`.]
[2023-01-15 13:29:17,874] [DEBUG] [Provider `faker.providers.currency` has been localized to `en_US`.]
[2023-01-15 13:29:17,876] [DEBUG] [Looking for locale `en_US` in provider `faker.providers.date_time`.]
[2023-01-15 13:29:17,883] [DEBUG] [Provider `faker.providers.date_time` has been localized to `en_US`.]
[2023-01-15 13:29:17,885] [DEBUG] [Provider `faker.providers.file` does not feature localization. Specified locale `en_US` is not utilized for this provider.]
[2023-01-15 13:29:17,885] [DEBUG] [Looking for locale `en_US` in provider `faker.providers.geo`.]
[2023-01-15 13:29:17,887] [DEBUG] [Provider `faker.providers.geo` has been localized to `en_US`.]
[2023-01-15 13:29:17,888] [DEBUG] [Looking for locale `en_US` in provider `faker.providers.internet`.]
[2023-01-15 13:29:17,896] [DEBUG] [Provider `faker.providers.internet` has been localized to `en_US`.]
[2023-01-15 13:29:17,900] [DEBUG] [Provider `faker.providers.isbn` does not feature localization. Specified locale `en_US` is not utilized for this provider.]
[2023-01-15 13:29:17,900] [DEBUG] [Looking for locale `en_US` in provider `faker.providers.job`.]
[2023-01-15 13:29:17,907] [DEBUG] [Provider `faker.providers.job` has been localized to `en_US`.]
[2023-01-15 13:29:17,909] [DEBUG] [Looking for locale `en_US` in provider `faker.providers.lorem`.]
[2023-01-15 13:29:17,914] [DEBUG] [Provider `faker.providers.lorem` has been localized to `en_US`.]
[2023-01-15 13:29:17,921] [DEBUG] [Looking for locale `en_US` in provider `faker.providers.misc`.]
[2023-01-15 13:29:17,923] [DEBUG] [Provider `faker.providers.misc` has been localized to `en_US`.]
[2023-01-15 13:29:17,925] [DEBUG] [Looking for locale `en_US` in provider `faker.providers.person`.]
[2023-01-15 13:29:17,940] [DEBUG] [Provider `faker.providers.person` has been localized to `en_US`.]
[2023-01-15 13:29:17,950] [DEBUG] [Looking for locale `en_US` in provider `faker.providers.phone_number`.]
[2023-01-15 13:29:17,961] [DEBUG] [Provider `faker.providers.phone_number` has been localized to `en_US`.]
[2023-01-15 13:29:17,964] [DEBUG] [Provider `faker.providers.profile` does not feature localization. Specified locale `en_US` is not utilized for this provider.]
[2023-01-15 13:29:17,965] [DEBUG] [Provider `faker.providers.python` does not feature localization. Specified locale `en_US` is not utilized for this provider.]
[2023-01-15 13:29:17,965] [DEBUG] [Looking for locale `en_US` in provider `faker.providers.ssn`.]
[2023-01-15 13:29:17,976] [DEBUG] [Provider `faker.providers.ssn` has been localized to `en_US`.]
[2023-01-15 13:29:17,978] [DEBUG] [Provider `faker.providers.user_agent` does not feature localization. Specified locale `en_US` is not utilized for this provider.]
[2023-01-15 13:29:17,985] [DEBUG] [Get all posts]
[2023-01-15 13:29:43,371] [INFO] [127.0.0.1 - - [15/Jan/2023 13:29:43] "[33mGET /api/posts/1/ HTTP/1.1[0m" 404 -]
[2023-01-15 13:29:45,817] [DEBUG] [Get one post #1]
[2023-01-15 13:29:45,817] [INFO] [127.0.0.1 - - [15/Jan/2023 13:29:45] "GET /api/posts/1 HTTP/1.1" 200 -]
[2023-01-15 13:29:55,975] [INFO] [ * Detected change in 'C:\\Users\\dynee\\PycharmProjects\\private-skypro.pd-16\\MOD3. Основы веб-разработки\\tests\\api_test.py', reloading]
[2023-01-15 13:29:56,156] [INFO] [ * Restarting with stat]
[2023-01-15 13:29:57,474] [WARNING] [ * Debugger is active!]
[2023-01-15 13:29:57,479] [INFO] [ * Debugger PIN: 573-259-423]
[2023-01-15 13:29:58,254] [DEBUG] [Get one post #1]
[2023-01-15 13:29:58,255] [INFO] [127.0.0.1 - - [15/Jan/2023 13:29:58] "GET /api/posts/1 HTTP/1.1" 200 -]
[2023-01-15 13:30:04,418] [DEBUG] [Looking for locale `en_US` in provider `faker.providers.address`.]
[2023-01-15 13:30:04,428] [DEBUG] [Provider `faker.providers.address` has been localized to `en_US`.]
[2023-01-15 13:30:04,436] [DEBUG] [Looking for locale `en_US` in provider `faker.providers.automotive`.]
[2023-01-15 13:30:04,443] [DEBUG] [Provider `faker.providers.automotive` has been localized to `en_US`.]
[2023-01-15 13:30:04,445] [DEBUG] [Looking for locale `en_US` in provider `faker.providers.bank`.]
[2023-01-15 13:30:04,450] [DEBUG] [Specified locale `en_US` is not available for provider `faker.providers.bank`. Locale reset to `en_GB` for this provider.]
[2023-01-15 13:30:04,451] [DEBUG] [Looking for locale `en_US` in provider `faker.providers.barcode`.]
[2023-01-15 13:30:04,453] [DEBUG] [Provider `faker.providers.barcode` has been localized to `en_US`.]
[2023-01-15 13:30:04,455] [DEBUG] [Looking for locale `en_US` in provider `faker.providers.color`.]
[2023-01-15 13:30:04,461] [DEBUG] [Provider `faker.providers.color` has been localized to `en_US`.]
[2023-01-15 13:30:04,463] [DEBUG] [Looking for locale `en_US` in provider `faker.providers.company`.]
[2023-01-15 13:30:04,470] [DEBUG] [Provider `faker.providers.company` has been localized to `en_US`.]
[2023-01-15 13:30:04,472] [DEBUG] [Looking for locale `en_US` in provider `faker.providers.credit_card`.]
[2023-01-15 13:30:04,473] [DEBUG] [Provider `faker.providers.credit_card` has been localized to `en_US`.]
[2023-01-15 13:30:04,474] [DEBUG] [Looking for locale `en_US` in provider `faker.providers.currency`.]
[2023-01-15 13:30:04,478] [DEBUG] [Provider `faker.providers.currency` has been localized to `en_US`.]
[2023-01-15 13:30:04,480] [DEBUG] [Looking for locale `en_US` in provider `faker.providers.date_time`.]
[2023-01-15 13:30:04,486] [DEBUG] [Provider `faker.providers.date_time` has been localized to `en_US`.]
[2023-01-15 13:30:04,487] [DEBUG] [Provider `faker.providers.file` does not feature localization. Specified locale `en_US` is not utilized for this provider.]
[2023-01-15 13:30:04,488] [DEBUG] [Looking for locale `en_US` in provider `faker.providers.geo`.]
[2023-01-15 13:30:04,490] [DEBUG] [Provider `faker.providers.geo` has been localized to `en_US`.]
[2023-01-15 13:30:04,493] [DEBUG] [Looking for locale `en_US` in provider `faker.providers.internet`.]
[2023-01-15 13:30:04,501] [DEBUG] [Provider `faker.providers.internet` has been localized to `en_US`.]
[2023-01-15 13:30:04,502] [DEBUG] [Provider `faker.providers.isbn` does not feature localization. Specified locale `en_US` is not utilized for this provider.]
[2023-01-15 13:30:04,503] [DEBUG] [Looking for locale `en_US` in provider `faker.providers.job`.]
[2023-01-15 13:30:04,508] [DEBUG] [Provider `faker.providers.job` has been localized to `en_US`.]
[2023-01-15 13:30:04,509] [DEBUG] [Looking for locale `en_US` in provider `faker.providers.lorem`.]
[2023-01-15 13:30:04,513] [DEBUG] [Provider `faker.providers.lorem` has been localized to `en_US`.]
[2023-01-15 13:30:04,517] [DEBUG] [Looking for locale `en_US` in provider `faker.providers.misc`.]
[2023-01-15 13:30:04,518] [DEBUG] [Provider `faker.providers.misc` has been localized to `en_US`.]
[2023-01-15 13:30:04,520] [DEBUG] [Looking for locale `en_US` in provider `faker.providers.person`.]
[2023-01-15 13:30:04,532] [DEBUG] [Provider `faker.providers.person` has been localized to `en_US`.]
[2023-01-15 13:30:04,539] [DEBUG] [Looking for locale `en_US` in provider `faker.providers.phone_number`.]
[2023-01-15 13:30:04,547] [DEBUG] [Provider `faker.providers.phone_number` has been localized to `en_US`.]
[2023-01-15 13:30:04,549] [DEBUG] [Provider `faker.providers.profile` does not feature localization. Specified locale `en_US` is not utilized for this provider.]
[2023-01-15 13:30:04,549] [DEBUG] [Provider `faker.providers.python` does not feature localization. Specified locale `en_US` is not utilized for this provider.]
[2023-01-15 13:30:04,549] [DEBUG] [Looking for locale `en_US` in provider `faker.providers.ssn`.]
[2023-01-15 13:30:04,556] [DEBUG] [Provider `faker.providers.ssn` has been localized to `en_US`.]
[2023-01-15 13:30:04,558] [DEBUG] [Provider `faker.providers.user_agent` does not feature localization. Specified locale `en_US` is not utilized for this provider.]
[2023-01-15 13:30:04,577] [DEBUG] [Get all posts]
[2023-01-15 13:30:04,582] [DEBUG] [Get one post #1]
[2023-01-15 13:31:39,964] [INFO] [ * Detected change in 'C:\\Users\\dynee\\PycharmProjects\\private-skypro.pd-16\\MOD3. Основы веб-разработки\\app\\bp_api\\bp_api_views.py', reloading]
[2023-01-15 13:31:40,140] [INFO] [ * Restarting with stat]
[2023-01-15 13:31:41,602] [WARNING] [ * Debugger is active!]
[2023-01-15 13:31:41,605] [INFO] [ * Debugger PIN: 573-259-423]
[2023-01-15 13:31:46,869] [DEBUG] [Get one post #1]
[2023-01-15 13:31:46,870] [INFO] [127.0.0.1 - - [15/Jan/2023 13:31:46] "GET /api/posts/1/ HTTP/1.1" 200 -]
[2023-01-15 13:31:48,955] [INFO] [127.0.0.1 - - [15/Jan/2023 13:31:48] "[32mGET /api/posts/1 HTTP/1.1[0m" 308 -]
[2023-01-15 13:31:48,961] [DEBUG] [Get one post #1]
[2023-01-15 13:31:48,962] [INFO] [127.0.0.1 - - [15/Jan/2023 13:31:48] "GET /api/posts/1/ HTTP/1.1" 200 -]
[2023-01-15 13:31:50,840] [DEBUG] [Get all posts]
[2023-01-15 13:31:50,841] [INFO] [127.0.0.1 - - [15/Jan/2023 13:31:50] "GET /api/posts/ HTTP/1.1" 200 -]
[2023-01-15 13:31:52,863] [INFO] [127.0.0.1 - - [15/Jan/2023 13:31:52] "[32mGET /api/posts HTTP/1.1[0m" 308 -]
[2023-01-15 13:31:52,869] [DEBUG] [Get all posts]
[2023-01-15 13:31:52,870] [INFO] [127.0.0.1 - - [15/Jan/2023 13:31:52] "GET /api/posts/ HTTP/1.1" 200 -]
[2023-01-15 13:32:02,340] [INFO] [ * Detected change in 'C:\\Users\\dynee\\PycharmProjects\\private-skypro.pd-16\\MOD3. Основы веб-разработки\\tests\\api_test.py', reloading]
[2023-01-15 13:32:02,460] [INFO] [ * Restarting with stat]
[2023-01-15 13:32:03,458] [WARNING] [ * Debugger is active!]
[2023-01-15 13:32:03,461] [INFO] [ * Debugger PIN: 573-259-423]
[2023-01-15 13:32:08,419] [DEBUG] [Looking for locale `en_US` in provider `faker.providers.address`.]
[2023-01-15 13:32:08,432] [DEBUG] [Provider `faker.providers.address` has been localized to `en_US`.]
[2023-01-15 13:32:08,437] [DEBUG] [Looking for locale `en_US` in provider `faker.providers.automotive`.]
[2023-01-15 13:32:08,444] [DEBUG] [Provider `faker.providers.automotive` has been localized to `en_US`.]
[2023-01-15 13:32:08,446] [DEBUG] [Looking for locale `en_US` in provider `faker.providers.bank`.]
[2023-01-15 13:32:08,450] [DEBUG] [Specified locale `en_US` is not available for provider `faker.providers.bank`. Locale reset to `en_GB` for this provider.]
[2023-01-15 13:32:08,452] [DEBUG] [Looking for locale `en_US` in provider `faker.providers.barcode`.]
[2023-01-15 13:32:08,454] [DEBUG] [Provider `faker.providers.barcode` has been localized to `en_US`.]
[2023-01-15 13:32:08,460] [DEBUG] [Looking for locale `en_US` in provider `faker.providers.color`.]
[2023-01-15 13:32:08,465] [DEBUG] [Provider `faker.providers.color` has been localized to `en_US`.]
[2023-01-15 13:32:08,467] [DEBUG] [Looking for locale `en_US` in provider `faker.providers.company`.]
[2023-01-15 13:32:08,477] [DEBUG] [Provider `faker.providers.company` has been localized to `en_US`.]
[2023-01-15 13:32:08,479] [DEBUG] [Looking for locale `en_US` in provider `faker.providers.credit_card`.]
[2023-01-15 13:32:08,481] [DEBUG] [Provider `faker.providers.credit_card` has been localized to `en_US`.]
[2023-01-15 13:32:08,483] [DEBUG] [Looking for locale `en_US` in provider `faker.providers.currency`.]
[2023-01-15 13:32:08,489] [DEBUG] [Provider `faker.providers.currency` has been localized to `en_US`.]
[2023-01-15 13:32:08,492] [DEBUG] [Looking for locale `en_US` in provider `faker.providers.date_time`.]
[2023-01-15 13:32:08,500] [DEBUG] [Provider `faker.providers.date_time` has been localized to `en_US`.]
[2023-01-15 13:32:08,502] [DEBUG] [Provider `faker.providers.file` does not feature localization. Specified locale `en_US` is not utilized for this provider.]
[2023-01-15 13:32:08,502] [DEBUG] [Looking for locale `en_US` in provider `faker.providers.geo`.]
[2023-01-15 13:32:08,504] [DEBUG] [Provider `faker.providers.geo` has been localized to `en_US`.]
[2023-01-15 13:32:08,505] [DEBUG] [Looking for locale `en_US` in provider `faker.providers.internet`.]
[2023-01-15 13:32:08,511] [DEBUG] [Provider `faker.providers.internet` has been localized to `en_US`.]
[2023-01-15 13:32:08,513] [DEBUG] [Provider `faker.providers.isbn` does not feature localization. Specified locale `en_US` is not utilized for this provider.]
[2023-01-15 13:32:08,513] [DEBUG] [Looking for locale `en_US` in provider `faker.providers.job`.]
[2023-01-15 13:32:08,520] [DEBUG] [Provider `faker.providers.job` has been localized to `en_US`.]
[2023-01-15 13:32:08,523] [DEBUG] [Looking for locale `en_US` in provider `faker.providers.lorem`.]
[2023-01-15 13:32:08,527] [DEBUG] [Provider `faker.providers.lorem` has been localized to `en_US`.]
[2023-01-15 13:32:08,534] [DEBUG] [Looking for locale `en_US` in provider `faker.providers.misc`.]
[2023-01-15 13:32:08,535] [DEBUG] [Provider `faker.providers.misc` has been localized to `en_US`.]
[2023-01-15 13:32:08,537] [DEBUG] [Looking for locale `en_US` in provider `faker.providers.person`.]
[2023-01-15 13:32:08,549] [DEBUG] [Provider `faker.providers.person` has been localized to `en_US`.]
[2023-01-15 13:32:08,556] [DEBUG] [Looking for locale `en_US` in provider `faker.providers.phone_number`.]
[2023-01-15 13:32:08,566] [DEBUG] [Provider `faker.providers.phone_number` has been localized to `en_US`.]
[2023-01-15 13:32:08,569] [DEBUG] [Provider `faker.providers.profile` does not feature localization. Specified locale `en_US` is not utilized for this provider.]
[2023-01-15 13:32:08,569] [DEBUG] [Provider `faker.providers.python` does not feature localization. Specified locale `en_US` is not utilized for this provider.]
[2023-01-15 13:32:08,569] [DEBUG] [Looking for locale `en_US` in provider `faker.providers.ssn`.]
[2023-01-15 13:32:08,577] [DEBUG] [Provider `faker.providers.ssn` has been localized to `en_US`.]
[2023-01-15 13:32:08,581] [DEBUG] [Provider `faker.providers.user_agent` does not feature localization. Specified locale `en_US` is not utilized for this provider.]
[2023-01-15 13:32:08,587] [DEBUG] [Get all posts]
[2023-01-15 13:32:08,594] [DEBUG] [Get one post #1]
[2023-01-15 13:32:13,450] [DEBUG] [Get all posts]
[2023-01-15 13:32:13,452] [INFO] [127.0.0.1 - - [15/Jan/2023 13:32:13] "GET /api/posts/ HTTP/1.1" 200 -]
[2023-01-15 13:32:15,738] [DEBUG] [Get one post #1]
[2023-01-15 13:32:15,739] [INFO] [127.0.0.1 - - [15/Jan/2023 13:32:15] "GET /api/posts/1/ HTTP/1.1" 200 -]
[2023-01-15 13:39:07,200] [INFO] [ * Detected change in 'C:\\Users\\dynee\\PycharmProjects\\private-skypro.pd-16\\MOD3. Основы веб-разработки\\tests\\posts_dao_test.py', reloading]
[2023-01-15 13:39:07,366] [INFO] [ * Restarting with stat]
[2023-01-15 13:39:08,308] [WARNING] [ * Debugger is active!]
[2023-01-15 13:39:08,312] [INFO] [ * Debugger PIN: 573-259-423]
[2023-01-15 13:41:56,261] [INFO] [ * Detected change in 'C:\\Users\\dynee\\PycharmProjects\\private-skypro.pd-16\\MOD3. Основы веб-разработки\\tests\\posts_dao_test.py', reloading]
[2023-01-15 13:41:56,593] [INFO] [ * Restarting with stat]
[2023-01-15 13:41:58,307] [WARNING] [ * Debugger is active!]
[2023-01-15 13:41:58,311] [INFO] [ * Debugger PIN: 573-259-423]
[2023-01-15 13:42:00,574] [INFO] [ * Detected change in 'C:\\Users\\dynee\\PycharmProjects\\private-skypro.pd-16\\MOD3. Основы веб-разработки\\tests\\posts_dao_test.py', reloading]
[2023-01-15 13:42:00,674] [INFO] [ * Restarting with stat]
[2023-01-15 13:42:01,732] [WARNING] [ * Debugger is active!]
[2023-01-15 13:42:01,736] [INFO] [ * Debugger PIN: 573-259-423]
[2023-01-15 13:42:49,883] [INFO] [ * Detected change in 'C:\\Users\\dynee\\PycharmProjects\\private-skypro.pd-16\\MOD3. Основы веб-разработки\\tests\\posts_dao_test.py', reloading]
[2023-01-15 13:42:50,274] [INFO] [ * Restarting with stat]
[2023-01-15 13:42:51,465] [WARNING] [ * Debugger is active!]
[2023-01-15 13:42:51,469] [INFO] [ * Debugger PIN: 573-259-423]
[2023-01-15 13:43:10,399] [DEBUG] [Looking for locale `en_US` in provider `faker.providers.address`.]
[2023-01-15 13:43:10,409] [DEBUG] [Provider `faker.providers.address` has been localized to `en_US`.]
[2023-01-15 13:43:10,414] [DEBUG] [Looking for locale `en_US` in provider `faker.providers.automotive`.]
[2023-01-15 13:43:10,421] [DEBUG] [Provider `faker.providers.automotive` has been localized to `en_US`.]
[2023-01-15 13:43:10,423] [DEBUG] [Looking for locale `en_US` in provider `faker.providers.bank`.]
[2023-01-15 13:43:10,428] [DEBUG] [Specified locale `en_US` is not available for provider `faker.providers.bank`. Locale reset to `en_GB` for this provider.]
[2023-01-15 13:43:10,429] [DEBUG] [Looking for locale `en_US` in provider `faker.providers.barcode`.]
[2023-01-15 13:43:10,431] [DEBUG] [Provider `faker.providers.barcode` has been localized to `en_US`.]
[2023-01-15 13:43:10,433] [DEBUG] [Looking for locale `en_US` in provider `faker.providers.color`.]
[2023-01-15 13:43:10,437] [DEBUG] [Provider `faker.providers.color` has been localized to `en_US`.]
[2023-01-15 13:43:10,438] [DEBUG] [Looking for locale `en_US` in provider `faker.providers.company`.]
[2023-01-15 13:43:10,444] [DEBUG] [Provider `faker.providers.company` has been localized to `en_US`.]
[2023-01-15 13:43:10,446] [DEBUG] [Looking for locale `en_US` in provider `faker.providers.credit_card`.]
[2023-01-15 13:43:10,447] [DEBUG] [Provider `faker.providers.credit_card` has been localized to `en_US`.]
[2023-01-15 13:43:10,449] [DEBUG] [Looking for locale `en_US` in provider `faker.providers.currency`.]
[2023-01-15 13:43:10,453] [DEBUG] [Provider `faker.providers.currency` has been localized to `en_US`.]
[2023-01-15 13:43:10,455] [DEBUG] [Looking for locale `en_US` in provider `faker.providers.date_time`.]
[2023-01-15 13:43:10,460] [DEBUG] [Provider `faker.providers.date_time` has been localized to `en_US`.]
[2023-01-15 13:43:10,462] [DEBUG] [Provider `faker.providers.file` does not feature localization. Specified locale `en_US` is not utilized for this provider.]
[2023-01-15 13:43:10,462] [DEBUG] [Looking for locale `en_US` in provider `faker.providers.geo`.]
[2023-01-15 13:43:10,464] [DEBUG] [Provider `faker.providers.geo` has been localized to `en_US`.]
[2023-01-15 13:43:10,466] [DEBUG] [Looking for locale `en_US` in provider `faker.providers.internet`.]
[2023-01-15 13:43:10,473] [DEBUG] [Provider `faker.providers.internet` has been localized to `en_US`.]
[2023-01-15 13:43:10,474] [DEBUG] [Provider `faker.providers.isbn` does not feature localization. Specified locale `en_US` is not utilized for this provider.]
[2023-01-15 13:43:10,475] [DEBUG] [Looking for locale `en_US` in provider `faker.providers.job`.]
[2023-01-15 13:43:10,482] [DEBUG] [Provider `faker.providers.job` has been localized to `en_US`.]
[2023-01-15 13:43:10,484] [DEBUG] [Looking for locale `en_US` in provider `faker.providers.lorem`.]
[2023-01-15 13:43:10,489] [DEBUG] [Provider `faker.providers.lorem` has been localized to `en_US`.]
[2023-01-15 13:43:10,493] [DEBUG] [Looking for locale `en_US` in provider `faker.providers.misc`.]
[2023-01-15 13:43:10,494] [DEBUG] [Provider `faker.providers.misc` has been localized to `en_US`.]
[2023-01-15 13:43:10,496] [DEBUG] [Looking for locale `en_US` in provider `faker.providers.person`.]
[2023-01-15 13:43:10,505] [DEBUG] [Provider `faker.providers.person` has been localized to `en_US`.]
[2023-01-15 13:43:10,510] [DEBUG] [Looking for locale `en_US` in provider `faker.providers.phone_number`.]
[2023-01-15 13:43:10,519] [DEBUG] [Provider `faker.providers.phone_number` has been localized to `en_US`.]
[2023-01-15 13:43:10,521] [DEBUG] [Provider `faker.providers.profile` does not feature localization. Specified locale `en_US` is not utilized for this provider.]
[2023-01-15 13:43:10,521] [DEBUG] [Provider `faker.providers.python` does not feature localization. Specified locale `en_US` is not utilized for this provider.]
[2023-01-15 13:43:10,521] [DEBUG] [Looking for locale `en_US` in provider `faker.providers.ssn`.]
[2023-01-15 13:43:10,530] [DEBUG] [Provider `faker.providers.ssn` has been localized to `en_US`.]
[2023-01-15 13:43:10,533] [DEBUG] [Provider `faker.providers.user_agent` does not feature localization. Specified locale `en_US` is not utilized for this provider.]
[2023-01-15 13:43:10,539] [DEBUG] [Get all posts]
[2023-01-15 13:43:10,547] [DEBUG] [Get one post #1]
[2023-01-15 13:45:48,847] [INFO] [ * Detected change in 'C:\\Users\\dynee\\PycharmProjects\\private-skypro.pd-16\\MOD3. Основы веб-разработки\\tests\\posts_dao_test.py', reloading]
[2023-01-15 13:45:49,173] [INFO] [ * Restarting with stat]
[2023-01-15 13:45:50,319] [WARNING] [ * Debugger is active!]
[2023-01-15 13:45:50,322] [INFO] [ * Debugger PIN: 573-259-423]
[2023-01-15 13:45:59,103] [INFO] [ * Detected change in 'C:\\Users\\dynee\\PycharmProjects\\private-skypro.pd-16\\MOD3. Основы веб-разработки\\tests\\posts_dao_test.py', reloading]
[2023-01-15 13:45:59,646] [INFO] [ * Restarting with stat]
[2023-01-15 13:46:01,322] [WARNING] [ * Debugger is active!]
[2023-01-15 13:46:01,327] [INFO] [ * Debugger PIN: 573-259-423]
[2023-01-15 13:46:07,507] [DEBUG] [Looking for locale `en_US` in provider `faker.providers.address`.]
[2023-01-15 13:46:07,520] [DEBUG] [Provider `faker.providers.address` has been localized to `en_US`.]
[2023-01-15 13:46:07,524] [DEBUG] [Looking for locale `en_US` in provider `faker.providers.automotive`.]
[2023-01-15 13:46:07,531] [DEBUG] [Provider `faker.providers.automotive` has been localized to `en_US`.]
[2023-01-15 13:46:07,532] [DEBUG] [Looking for locale `en_US` in provider `faker.providers.bank`.]
[2023-01-15 13:46:07,537] [DEBUG] [Specified locale `en_US` is not available for provider `faker.providers.bank`. Locale reset to `en_GB` for this provider.]
[2023-01-15 13:46:07,539] [DEBUG] [Looking for locale `en_US` in provider `faker.providers.barcode`.]
[2023-01-15 13:46:07,540] [DEBUG] [Provider `faker.providers.barcode` has been localized to `en_US`.]
[2023-01-15 13:46:07,543] [DEBUG] [Looking for locale `en_US` in provider `faker.providers.color`.]
[2023-01-15 13:46:07,549] [DEBUG] [Provider `faker.providers.color` has been localized to `en_US`.]
[2023-01-15 13:46:07,551] [DEBUG] [Looking for locale `en_US` in provider `faker.providers.company`.]
[2023-01-15 13:46:07,558] [DEBUG] [Provider `faker.providers.company` has been localized to `en_US`.]
[2023-01-15 13:46:07,560] [DEBUG] [Looking for locale `en_US` in provider `faker.providers.credit_card`.]
[2023-01-15 13:46:07,562] [DEBUG] [Provider `faker.providers.credit_card` has been localized to `en_US`.]
[2023-01-15 13:46:07,563] [DEBUG] [Looking for locale `en_US` in provider `faker.providers.currency`.]
[2023-01-15 13:46:07,567] [DEBUG] [Provider `faker.providers.currency` has been localized to `en_US`.]
[2023-01-15 13:46:07,569] [DEBUG] [Looking for locale `en_US` in provider `faker.providers.date_time`.]
[2023-01-15 13:46:07,575] [DEBUG] [Provider `faker.providers.date_time` has been localized to `en_US`.]
[2023-01-15 13:46:07,576] [DEBUG] [Provider `faker.providers.file` does not feature localization. Specified locale `en_US` is not utilized for this provider.]
[2023-01-15 13:46:07,577] [DEBUG] [Looking for locale `en_US` in provider `faker.providers.geo`.]
[2023-01-15 13:46:07,578] [DEBUG] [Provider `faker.providers.geo` has been localized to `en_US`.]
[2023-01-15 13:46:07,580] [DEBUG] [Looking for locale `en_US` in provider `faker.providers.internet`.]
[2023-01-15 13:46:07,586] [DEBUG] [Provider `faker.providers.internet` has been localized to `en_US`.]
[2023-01-15 13:46:07,588] [DEBUG] [Provider `faker.providers.isbn` does not feature localization. Specified locale `en_US` is not utilized for this provider.]
[2023-01-15 13:46:07,588] [DEBUG] [Looking for locale `en_US` in provider `faker.providers.job`.]
[2023-01-15 13:46:07,596] [DEBUG] [Provider `faker.providers.job` has been localized to `en_US`.]
[2023-01-15 13:46:07,598] [DEBUG] [Looking for locale `en_US` in provider `faker.providers.lorem`.]
[2023-01-15 13:46:07,602] [DEBUG] [Provider `faker.providers.lorem` has been localized to `en_US`.]
[2023-01-15 13:46:07,608] [DEBUG] [Looking for locale `en_US` in provider `faker.providers.misc`.]
[2023-01-15 13:46:07,609] [DEBUG] [Provider `faker.providers.misc` has been localized to `en_US`.]
[2023-01-15 13:46:07,611] [DEBUG] [Looking for locale `en_US` in provider `faker.providers.person`.]
[2023-01-15 13:46:07,621] [DEBUG] [Provider `faker.providers.person` has been localized to `en_US`.]
[2023-01-15 13:46:07,626] [DEBUG] [Looking for locale `en_US` in provider `faker.providers.phone_number`.]
[2023-01-15 13:46:07,634] [DEBUG] [Provider `faker.providers.phone_number` has been localized to `en_US`.]
[2023-01-15 13:46:07,636] [DEBUG] [Provider `faker.providers.profile` does not feature localization. Specified locale `en_US` is not utilized for this provider.]
[2023-01-15 13:46:07,636] [DEBUG] [Provider `faker.providers.python` does not feature localization. Specified locale `en_US` is not utilized for this provider.]
[2023-01-15 13:46:07,637] [DEBUG] [Looking for locale `en_US` in provider `faker.providers.ssn`.]
[2023-01-15 13:46:07,644] [DEBUG] [Provider `faker.providers.ssn` has been localized to `en_US`.]
[2023-01-15 13:46:07,646] [DEBUG] [Provider `faker.providers.user_agent` does not feature localization. Specified locale `en_US` is not utilized for this provider.]
[2023-01-15 13:46:07,651] [DEBUG] [Get all posts]
[2023-01-15 13:46:07,661] [DEBUG] [Get one post #1]
[2023-01-15 13:46:39,103] [INFO] [ * Detected change in 'C:\\Users\\dynee\\PycharmProjects\\private-skypro.pd-16\\MOD3. Основы веб-разработки\\tests\\posts_dao_test.py', reloading]
[2023-01-15 13:46:39,313] [INFO] [ * Restarting with stat]
[2023-01-15 13:46:40,280] [WARNING] [ * Debugger is active!]
[2023-01-15 13:46:40,284] [INFO] [ * Debugger PIN: 573-259-423]
[2023-01-15 13:46:43,489] [DEBUG] [Looking for locale `en_US` in provider `faker.providers.address`.]
[2023-01-15 13:46:43,500] [DEBUG] [Provider `faker.providers.address` has been localized to `en_US`.]
[2023-01-15 13:46:43,505] [DEBUG] [Looking for locale `en_US` in provider `faker.providers.automotive`.]
[2023-01-15 13:46:43,512] [DEBUG] [Provider `faker.providers.automotive` has been localized to `en_US`.]
[2023-01-15 13:46:43,515] [DEBUG] [Looking for locale `en_US` in provider `faker.providers.bank`.]
[2023-01-15 13:46:43,522] [DEBUG] [Specified locale `en_US` is not available for provider `faker.providers.bank`. Locale reset to `en_GB` for this provider.]
[2023-01-15 13:46:43,524] [DEBUG] [Looking for locale `en_US` in provider `faker.providers.barcode`.]
[2023-01-15 13:46:43,526] [DEBUG] [Provider `faker.providers.barcode` has been localized to `en_US`.]
[2023-01-15 13:46:43,529] [DEBUG] [Looking for locale `en_US` in provider `faker.providers.color`.]
[2023-01-15 13:46:43,532] [DEBUG] [Provider `faker.providers.color` has been localized to `en_US`.]
[2023-01-15 13:46:43,534] [DEBUG] [Looking for locale `en_US` in provider `faker.providers.company`.]
[2023-01-15 13:46:43,540] [DEBUG] [Provider `faker.providers.company` has been localized to `en_US`.]
[2023-01-15 13:46:43,541] [DEBUG] [Looking for locale `en_US` in provider `faker.providers.credit_card`.]
[2023-01-15 13:46:43,542] [DEBUG] [Provider `faker.providers.credit_card` has been localized to `en_US`.]
[2023-01-15 13:46:43,545] [DEBUG] [Looking for locale `en_US` in provider `faker.providers.currency`.]
[2023-01-15 13:46:43,550] [DEBUG] [Provider `faker.providers.currency` has been localized to `en_US`.]
[2023-01-15 13:46:43,553] [DEBUG] [Looking for locale `en_US` in provider `faker.providers.date_time`.]
[2023-01-15 13:46:43,558] [DEBUG] [Provider `faker.providers.date_time` has been localized to `en_US`.]
[2023-01-15 13:46:43,560] [DEBUG] [Provider `faker.providers.file` does not feature localization. Specified locale `en_US` is not utilized for this provider.]
[2023-01-15 13:46:43,560] [DEBUG] [Looking for locale `en_US` in provider `faker.providers.geo`.]
[2023-01-15 13:46:43,562] [DEBUG] [Provider `faker.providers.geo` has been localized to `en_US`.]
[2023-01-15 13:46:43,564] [DEBUG] [Looking for locale `en_US` in provider `faker.providers.internet`.]
[2023-01-15 13:46:43,570] [DEBUG] [Provider `faker.providers.internet` has been localized to `en_US`.]
[2023-01-15 13:46:43,572] [DEBUG] [Provider `faker.providers.isbn` does not feature localization. Specified locale `en_US` is not utilized for this provider.]
[2023-01-15 13:46:43,573] [DEBUG] [Looking for locale `en_US` in provider `faker.providers.job`.]
[2023-01-15 13:46:43,578] [DEBUG] [Provider `faker.providers.job` has been localized to `en_US`.]
[2023-01-15 13:46:43,580] [DEBUG] [Looking for locale `en_US` in provider `faker.providers.lorem`.]
[2023-01-15 13:46:43,585] [DEBUG] [Provider `faker.providers.lorem` has been localized to `en_US`.]
[2023-01-15 13:46:43,592] [DEBUG] [Looking for locale `en_US` in provider `faker.providers.misc`.]
[2023-01-15 13:46:43,593] [DEBUG] [Provider `faker.providers.misc` has been localized to `en_US`.]
[2023-01-15 13:46:43,595] [DEBUG] [Looking for locale `en_US` in provider `faker.providers.person`.]
[2023-01-15 13:46:43,605] [DEBUG] [Provider `faker.providers.person` has been localized to `en_US`.]
[2023-01-15 13:46:43,611] [DEBUG] [Looking for locale `en_US` in provider `faker.providers.phone_number`.]
[2023-01-15 13:46:43,623] [DEBUG] [Provider `faker.providers.phone_number` has been localized to `en_US`.]
[2023-01-15 13:46:43,625] [DEBUG] [Provider `faker.providers.profile` does not feature localization. Specified locale `en_US` is not utilized for this provider.]
[2023-01-15 13:46:43,625] [DEBUG] [Provider `faker.providers.python` does not feature localization. Specified locale `en_US` is not utilized for this provider.]
[2023-01-15 13:46:43,625] [DEBUG] [Looking for locale `en_US` in provider `faker.providers.ssn`.]
[2023-01-15 13:46:43,633] [DEBUG] [Provider `faker.providers.ssn` has been localized to `en_US`.]
[2023-01-15 13:46:43,635] [DEBUG] [Provider `faker.providers.user_agent` does not feature localization. Specified locale `en_US` is not utilized for this provider.]
[2023-01-15 13:46:43,640] [DEBUG] [Get all posts]
[2023-01-15 13:46:43,648] [DEBUG] [Get one post #1]
[2023-01-15 13:46:50,029] [INFO] [ * Detected change in 'C:\\Users\\dynee\\PycharmProjects\\private-skypro.pd-16\\MOD3. Основы веб-разработки\\tests\\posts_dao_test.py', reloading]
[2023-01-15 13:46:50,295] [INFO] [ * Restarting with stat]
[2023-01-15 13:46:51,251] [WARNING] [ * Debugger is active!]
[2023-01-15 13:46:51,254] [INFO] [ * Debugger PIN: 573-259-423]
[2023-01-15 13:46:54,995] [DEBUG] [Looking for locale `en_US` in provider `faker.providers.address`.]
[2023-01-15 13:46:55,007] [DEBUG] [Provider `faker.providers.address` has been localized to `en_US`.]
[2023-01-15 13:46:55,013] [DEBUG] [Looking for locale `en_US` in provider `faker.providers.automotive`.]
[2023-01-15 13:46:55,019] [DEBUG] [Provider `faker.providers.automotive` has been localized to `en_US`.]
[2023-01-15 13:46:55,021] [DEBUG] [Looking for locale `en_US` in provider `faker.providers.bank`.]
[2023-01-15 13:46:55,026] [DEBUG] [Specified locale `en_US` is not available for provider `faker.providers.bank`. Locale reset to `en_GB` for this provider.]
[2023-01-15 13:46:55,027] [DEBUG] [Looking for locale `en_US` in provider `faker.providers.barcode`.]
[2023-01-15 13:46:55,029] [DEBUG] [Provider `faker.providers.barcode` has been localized to `en_US`.]
[2023-01-15 13:46:55,032] [DEBUG] [Looking for locale `en_US` in provider `faker.providers.color`.]
[2023-01-15 13:46:55,039] [DEBUG] [Provider `faker.providers.color` has been localized to `en_US`.]
[2023-01-15 13:46:55,041] [DEBUG] [Looking for locale `en_US` in provider `faker.providers.company`.]
[2023-01-15 13:46:55,048] [DEBUG] [Provider `faker.providers.company` has been localized to `en_US`.]
[2023-01-15 13:46:55,051] [DEBUG] [Looking for locale `en_US` in provider `faker.providers.credit_card`.]
[2023-01-15 13:46:55,052] [DEBUG] [Provider `faker.providers.credit_card` has been localized to `en_US`.]
[2023-01-15 13:46:55,054] [DEBUG] [Looking for locale `en_US` in provider `faker.providers.currency`.]
[2023-01-15 13:46:55,058] [DEBUG] [Provider `faker.providers.currency` has been localized to `en_US`.]
[2023-01-15 13:46:55,059] [DEBUG] [Looking for locale `en_US` in provider `faker.providers.date_time`.]
[2023-01-15 13:46:55,065] [DEBUG] [Provider `faker.providers.date_time` has been localized to `en_US`.]
[2023-01-15 13:46:55,067] [DEBUG] [Provider `faker.providers.file` does not feature localization. Specified locale `en_US` is not utilized for this provider.]
[2023-01-15 13:46:55,067] [DEBUG] [Looking for locale `en_US` in provider `faker.providers.geo`.]
[2023-01-15 13:46:55,069] [DEBUG] [Provider `faker.providers.geo` has been localized to `en_US`.]
[2023-01-15 13:46:55,070] [DEBUG] [Looking for locale `en_US` in provider `faker.providers.internet`.]
[2023-01-15 13:46:55,076] [DEBUG] [Provider `faker.providers.internet` has been localized to `en_US`.]
[2023-01-15 13:46:55,078] [DEBUG] [Provider `faker.providers.isbn` does not feature localization. Specified locale `en_US` is not utilized for this provider.]
[2023-01-15 13:46:55,078] [DEBUG] [Looking for locale `en_US` in provider `faker.providers.job`.]
[2023-01-15 13:46:55,086] [DEBUG] [Provider `faker.providers.job` has been localized to `en_US`.]
[2023-01-15 13:46:55,088] [DEBUG] [Looking for locale `en_US` in provider `faker.providers.lorem`.]
[2023-01-15 13:46:55,093] [DEBUG] [Provider `faker.providers.lorem` has been localized to `en_US`.]
[2023-01-15 13:46:55,098] [DEBUG] [Looking for locale `en_US` in provider `faker.providers.misc`.]
[2023-01-15 13:46:55,099] [DEBUG] [Provider `faker.providers.misc` has been localized to `en_US`.]
[2023-01-15 13:46:55,101] [DEBUG] [Looking for locale `en_US` in provider `faker.providers.person`.]
[2023-01-15 13:46:55,110] [DEBUG] [Provider `faker.providers.person` has been localized to `en_US`.]
[2023-01-15 13:46:55,116] [DEBUG] [Looking for locale `en_US` in provider `faker.providers.phone_number`.]
[2023-01-15 13:46:55,124] [DEBUG] [Provider `faker.providers.phone_number` has been localized to `en_US`.]
[2023-01-15 13:46:55,126] [DEBUG] [Provider `faker.providers.profile` does not feature localization. Specified locale `en_US` is not utilized for this provider.]
[2023-01-15 13:46:55,126] [DEBUG] [Provider `faker.providers.python` does not feature localization. Specified locale `en_US` is not utilized for this provider.]
[2023-01-15 13:46:55,126] [DEBUG] [Looking for locale `en_US` in provider `faker.providers.ssn`.]
[2023-01-15 13:46:55,137] [DEBUG] [Provider `faker.providers.ssn` has been localized to `en_US`.]
[2023-01-15 13:46:55,140] [DEBUG] [Provider `faker.providers.user_agent` does not feature localization. Specified locale `en_US` is not utilized for this provider.]
[2023-01-15 13:46:55,146] [DEBUG] [Get all posts]
[2023-01-15 13:46:55,155] [DEBUG] [Get one post #1]
[2023-01-15 13:47:59,488] [DEBUG] [Looking for locale `en_US` in provider `faker.providers.address`.]
[2023-01-15 13:47:59,497] [DEBUG] [Provider `faker.providers.address` has been localized to `en_US`.]
[2023-01-15 13:47:59,503] [DEBUG] [Looking for locale `en_US` in provider `faker.providers.automotive`.]
[2023-01-15 13:47:59,511] [DEBUG] [Provider `faker.providers.automotive` has been localized to `en_US`.]
[2023-01-15 13:47:59,513] [DEBUG] [Looking for locale `en_US` in provider `faker.providers.bank`.]
[2023-01-15 13:47:59,519] [DEBUG] [Specified locale `en_US` is not available for provider `faker.providers.bank`. Locale reset to `en_GB` for this provider.]
[2023-01-15 13:47:59,521] [DEBUG] [Looking for locale `en_US` in provider `faker.providers.barcode`.]
[2023-01-15 13:47:59,523] [DEBUG] [Provider `faker.providers.barcode` has been localized to `en_US`.]
[2023-01-15 13:47:59,526] [DEBUG] [Looking for locale `en_US` in provider `faker.providers.color`.]
[2023-01-15 13:47:59,530] [DEBUG] [Provider `faker.providers.color` has been localized to `en_US`.]
[2023-01-15 13:47:59,532] [DEBUG] [Looking for locale `en_US` in provider `faker.providers.company`.]
[2023-01-15 13:47:59,540] [DEBUG] [Provider `faker.providers.company` has been localized to `en_US`.]
[2023-01-15 13:47:59,542] [DEBUG] [Looking for locale `en_US` in provider `faker.providers.credit_card`.]
[2023-01-15 13:47:59,544] [DEBUG] [Provider `faker.providers.credit_card` has been localized to `en_US`.]
[2023-01-15 13:47:59,546] [DEBUG] [Looking for locale `en_US` in provider `faker.providers.currency`.]
[2023-01-15 13:47:59,551] [DEBUG] [Provider `faker.providers.currency` has been localized to `en_US`.]
[2023-01-15 13:47:59,553] [DEBUG] [Looking for locale `en_US` in provider `faker.providers.date_time`.]
[2023-01-15 13:47:59,558] [DEBUG] [Provider `faker.providers.date_time` has been localized to `en_US`.]
[2023-01-15 13:47:59,560] [DEBUG] [Provider `faker.providers.file` does not feature localization. Specified locale `en_US` is not utilized for this provider.]
[2023-01-15 13:47:59,560] [DEBUG] [Looking for locale `en_US` in provider `faker.providers.geo`.]
[2023-01-15 13:47:59,562] [DEBUG] [Provider `faker.providers.geo` has been localized to `en_US`.]
[2023-01-15 13:47:59,563] [DEBUG] [Looking for locale `en_US` in provider `faker.providers.internet`.]
[2023-01-15 13:47:59,569] [DEBUG] [Provider `faker.providers.internet` has been localized to `en_US`.]
[2023-01-15 13:47:59,571] [DEBUG] [Provider `faker.providers.isbn` does not feature localization. Specified locale `en_US` is not utilized for this provider.]
[2023-01-15 13:47:59,571] [DEBUG] [Looking for locale `en_US` in provider `faker.providers.job`.]
[2023-01-15 13:47:59,576] [DEBUG] [Provider `faker.providers.job` has been localized to `en_US`.]
[2023-01-15 13:47:59,577] [DEBUG] [Looking for locale `en_US` in provider `faker.providers.lorem`.]
[2023-01-15 13:47:59,582] [DEBUG] [Provider `faker.providers.lorem` has been localized to `en_US`.]
[2023-01-15 13:47:59,587] [DEBUG] [Looking for locale `en_US` in provider `faker.providers.misc`.]
[2023-01-15 13:47:59,589] [DEBUG] [Provider `faker.providers.misc` has been localized to `en_US`.]
[2023-01-15 13:47:59,590] [DEBUG] [Looking for locale `en_US` in provider `faker.providers.person`.]
[2023-01-15 13:47:59,601] [DEBUG] [Provider `faker.providers.person` has been localized to `en_US`.]
[2023-01-15 13:47:59,610] [DEBUG] [Looking for locale `en_US` in provider `faker.providers.phone_number`.]
[2023-01-15 13:47:59,618] [DEBUG] [Provider `faker.providers.phone_number` has been localized to `en_US`.]
[2023-01-15 13:47:59,620] [DEBUG] [Provider `faker.providers.profile` does not feature localization. Specified locale `en_US` is not utilized for this provider.]
[2023-01-15 13:47:59,620] [DEBUG] [Provider `faker.providers.python` does not feature localization. Specified locale `en_US` is not utilized for this provider.]
[2023-01-15 13:47:59,620] [DEBUG] [Looking for locale `en_US` in provider `faker.providers.ssn`.]
[2023-01-15 13:47:59,629] [DEBUG] [Provider `faker.providers.ssn` has been localized to `en_US`.]
[2023-01-15 13:47:59,631] [DEBUG] [Provider `faker.providers.user_agent` does not feature localization. Specified locale `en_US` is not utilized for this provider.]
[2023-01-15 13:47:59,635] [DEBUG] [Get all posts]
[2023-01-15 13:47:59,644] [DEBUG] [Get one post #1]
